<?xml version="1.0" encoding="UTF-8"?>
<!-- Generated by org.testng.reporters.JUnitReportReporter -->
<testsuite skipped="0" hostname="BDC4A-L-5465CDZ" name="com.tests.NewTest2" tests="1" failures="0" timestamp="19 May 2018 06:17:15 GMT" time="23.991" errors="0">
  <testcase name="testDragAndDrop" time="23.991" classname="com.tests.NewTest2"/>
</testsuite> <!-- com.tests.NewTest2 -->
