<?xml version="1.0" encoding="UTF-8"?>
<!-- Generated by org.testng.reporters.JUnitReportReporter -->
<testsuite skipped="0" hostname="BDC4A-L-5465CDZ" name="com.tests.NewTest1" tests="1" failures="0" timestamp="19 May 2018 05:20:56 GMT" time="39.278" errors="0">
  <testcase name="testHDFC" time="39.278" classname="com.tests.NewTest1"/>
</testsuite> <!-- com.tests.NewTest1 -->
